<?xml version="1.0" encoding="utf-8"?><testsuites name="pytest tests"><testsuite name="pytest" errors="0" failures="0" skipped="0" tests="25" time="3.093" timestamp="2026-01-15T13:02:44.884187+00:00" hostname="agent-env-7b376f43-4de1-4875-be10-c4d20dddabde"><testcase classname="tests.test_arthrakshak.TestArthRakshakAuth" name="test_login_success" time="0.280" /><testcase classname="tests.test_arthrakshak.TestArthRakshakSummary" name="test_get_summary" time="0.301" /><testcase classname="tests.test_arthrakshak.TestArthRakshakPolicyCRUD" name="test_create_life_policy" time="0.301" /><testcase classname="tests.test_arthrakshak.TestArthRakshakPolicyCRUD" name="test_create_health_policy" time="0.039" /><testcase classname="tests.test_arthrakshak.TestArthRakshakPolicyCRUD" name="test_get_policies" time="0.037" /><testcase classname="tests.test_arthrakshak.TestArthRakshakPolicyCRUD" name="test_update_policy" time="0.035" /><testcase classname="tests.test_arthrakshak.TestArthRakshakPolicyCRUD" name="test_delete_policy" time="0.079" /><testcase classname="tests.test_arthrakshak.TestArthRakshakPolicyCRUD" name="test_delete_health_policy_cleanup" time="0.041" /><testcase classname="tests.test_arthrakshak.TestArthRakshakRiskProfile" name="test_get_risk_profile" time="0.338" /><testcase classname="tests.test_arthrakshak.TestArthRakshakRiskProfile" name="test_save_risk_profile" time="0.041" /><testcase classname="tests.test_arthrakshak.TestArthRakshakRiskProfile" name="test_verify_risk_profile_persistence" time="0.036" /><testcase classname="tests.test_arthrakshak.TestArthRakshakProtectionGap" name="test_get_protection_gap" time="0.335" /><testcase classname="tests.test_arthrakshak.TestArthRakshakCoverageChecklist" name="test_get_life_checklist" time="0.300" /><testcase classname="tests.test_arthrakshak.TestArthRakshakCoverageChecklist" name="test_get_health_checklist" time="0.036" /><testcase classname="tests.test_arthrakshak.TestArthRakshakCoverageChecklist" name="test_get_vehicle_checklist" time="0.033" /><testcase classname="tests.test_arthrakshak.TestArthRakshakCoverageChecklist" name="test_get_cards_checklist" time="0.035" /><testcase classname="tests.test_arthrakshak.TestArthRakshakCoverageChecklist" name="test_invalid_category_checklist" time="0.041" /><testcase classname="tests.test_arthrakshak.TestArthRakshakPolicyCoverage" name="test_get_policy_coverage" time="0.375" /><testcase classname="tests.test_arthrakshak.TestArthRakshakPolicyCoverage" name="test_update_policy_coverage" time="0.064" /><testcase classname="tests.test_arthrakshak.TestArthRakshakPolicyCoverage" name="test_verify_coverage_persistence" time="0.080" /><testcase classname="tests.test_arthrakshak.TestArthRakshakPolicyCoverage" name="test_cleanup_test_policy" time="0.037" /><testcase classname="tests.test_arthrakshak.TestArthRakshakUnauthorized" name="test_summary_without_auth" time="0.034" /><testcase classname="tests.test_arthrakshak.TestArthRakshakUnauthorized" name="test_policies_without_auth" time="0.034" /><testcase classname="tests.test_arthrakshak.TestArthRakshakUnauthorized" name="test_risk_profile_without_auth" time="0.033" /><testcase classname="tests.test_arthrakshak.TestArthRakshakUnauthorized" name="test_protection_gap_without_auth" time="0.034" /></testsuite></testsuites>