<?xml version="1.0" encoding="utf-8"?><testsuites name="pytest tests"><testsuite name="pytest" errors="0" failures="0" skipped="0" tests="14" time="1.827" timestamp="2026-04-24T17:34:10.482850+00:00" hostname="agent-env-cb260f5d-ace2-45cc-81f6-c620fb4bb81a"><testcase classname="backend.tests.test_iteration_25_compliance.TestGrievanceOfficer" name="test_public_no_auth" time="0.190" /><testcase classname="backend.tests.test_iteration_25_compliance.TestGrievanceSubmit" name="test_valid_submission" time="0.058" /><testcase classname="backend.tests.test_iteration_25_compliance.TestGrievanceSubmit" name="test_rejects_short_message" time="0.052" /><testcase classname="backend.tests.test_iteration_25_compliance.TestGrievanceSubmit" name="test_rejects_invalid_email" time="0.049" /><testcase classname="backend.tests.test_iteration_25_compliance.TestGrievanceSubmit" name="test_rejects_short_name" time="0.049" /><testcase classname="backend.tests.test_iteration_25_compliance.TestGrievanceSubmit" name="test_rejects_missing_fields" time="0.055" /><testcase classname="backend.tests.test_iteration_25_compliance.TestExportData" name="test_requires_auth" time="0.051" /><testcase classname="backend.tests.test_iteration_25_compliance.TestExportData" name="test_rejects_bad_token" time="0.063" /><testcase classname="backend.tests.test_iteration_25_compliance.TestExportData" name="test_returns_expected_shape" time="0.346" /><testcase classname="backend.tests.test_iteration_25_compliance.TestExportData" name="test_no_password_hash_or_id" time="0.068" /><testcase classname="backend.tests.test_iteration_25_compliance.TestDeleteAccount" name="test_requires_auth" time="0.058" /><testcase classname="backend.tests.test_iteration_25_compliance.TestDeleteAccount" name="test_rejects_wrong_confirmation" time="0.387" /><testcase classname="backend.tests.test_iteration_25_compliance.TestDeleteAccount" name="test_rejects_case_mismatch" time="0.113" /><testcase classname="backend.tests.test_iteration_25_compliance.TestDeleteAccount" name="test_deletes_throwaway_and_login_fails" time="0.225" /></testsuite></testsuites>