<?xml version="1.0" encoding="utf-8"?><testsuites name="pytest tests"><testsuite name="pytest" errors="0" failures="0" skipped="0" tests="13" time="2.235" timestamp="2026-04-22T09:52:45.503096+00:00" hostname="agent-env-cb260f5d-ace2-45cc-81f6-c620fb4bb81a"><testcase classname="backend.tests.test_iteration_18.TestSubscriptions" name="test_subscriptions_endpoint_success" time="0.618" /><testcase classname="backend.tests.test_iteration_18.TestSubscriptions" name="test_subscriptions_detect_seeded_recurring" time="0.103" /><testcase classname="backend.tests.test_iteration_18.TestSubscriptions" name="test_subscriptions_requires_auth" time="0.105" /><testcase classname="backend.tests.test_iteration_18.TestGmailInbox" name="test_inbox_without_connection_returns_empty_not_403" time="0.113" /><testcase classname="backend.tests.test_iteration_18.TestGmailInbox" name="test_inbox_requires_auth" time="0.105" /><testcase classname="backend.tests.test_iteration_18.TestGmailRefresh" name="test_refresh_without_gmail_returns_403" time="0.167" /><testcase classname="backend.tests.test_iteration_18.TestGmailRefresh" name="test_refresh_requires_auth" time="0.121" /><testcase classname="backend.tests.test_iteration_18.TestSmartImportRegression" name="test_gmail_status_configured" time="0.134" /><testcase classname="backend.tests.test_iteration_18.TestSmartImportRegression" name="test_gmail_connect_returns_307" time="0.116" /><testcase classname="backend.tests.test_iteration_18.TestSmartImportRegression" name="test_parsed_policies_list" time="0.105" /><testcase classname="backend.tests.test_iteration_18.TestSmartImportRegression" name="test_save_transactions_endpoint_exists" time="0.110" /><testcase classname="backend.tests.test_iteration_18.TestTransactionsCRUDRegression" name="test_list_transactions" time="0.104" /><testcase classname="backend.tests.test_iteration_18.TestTransactionsCRUDRegression" name="test_create_and_delete_transaction" time="0.272" /></testsuite></testsuites>