<?xml version="1.0" encoding="utf-8"?><testsuites name="pytest tests"><testsuite name="pytest" errors="0" failures="0" skipped="0" tests="13" time="25.179" timestamp="2026-04-22T13:42:07.635535+00:00" hostname="agent-env-cb260f5d-ace2-45cc-81f6-c620fb4bb81a"><testcase classname="backend.tests.test_iteration_20" name="test_scan_and_apply_all_connected" time="18.426" /><testcase classname="backend.tests.test_iteration_20" name="test_scan_and_apply_all_no_auth" time="0.212" /><testcase classname="backend.tests.test_iteration_20" name="test_subscription_detector_likely_unused_flag" time="0.003" /><testcase classname="backend.tests.test_iteration_20" name="test_subscription_detector_direct" time="0.001" /><testcase classname="backend.tests.test_iteration_20" name="test_subscription_detector_cancelled_filter" time="0.000" /><testcase classname="backend.tests.test_iteration_20" name="test_cancel_missing_merchant_returns_400" time="0.104" /><testcase classname="backend.tests.test_iteration_20" name="test_cancel_empty_merchant_returns_400" time="0.114" /><testcase classname="backend.tests.test_iteration_20" name="test_cancel_subscription_and_removed_from_list" time="0.353" /><testcase classname="backend.tests.test_iteration_20" name="test_subscriptions_list_structure" time="0.110" /><testcase classname="backend.tests.test_iteration_20" name="test_documents_auto_apply_empty" time="0.113" /><testcase classname="backend.tests.test_iteration_20" name="test_documents_auto_apply_sip" time="0.121" /><testcase classname="backend.tests.test_iteration_20" name="test_parse_email_endpoint" time="5.417" /><testcase classname="backend.tests.test_iteration_20" name="test_parse_policy_endpoint" time="0.145" /></testsuite></testsuites>