<?xml version="1.0" encoding="utf-8"?><testsuites name="pytest tests"><testsuite name="pytest" errors="0" failures="0" skipped="0" tests="16" time="5.947" timestamp="2026-04-22T10:27:09.491733+00:00" hostname="agent-env-cb260f5d-ace2-45cc-81f6-c620fb4bb81a"><testcase classname="backend.tests.test_iteration_19.TestAutoApply" name="test_auto_apply_sip_investment" time="0.547" /><testcase classname="backend.tests.test_iteration_19.TestAutoApply" name="test_auto_apply_life_insurance" time="0.096" /><testcase classname="backend.tests.test_iteration_19.TestAutoApply" name="test_auto_apply_health_insurance" time="0.104" /><testcase classname="backend.tests.test_iteration_19.TestAutoApply" name="test_auto_apply_vehicle_policy" time="0.112" /><testcase classname="backend.tests.test_iteration_19.TestAutoApply" name="test_auto_apply_empty_data" time="0.109" /><testcase classname="backend.tests.test_iteration_19.TestAutoApply" name="test_auto_apply_requires_auth" time="0.114" /><testcase classname="backend.tests.test_iteration_19.TestDocumentRegressions" name="test_parsed_policies_list" time="0.098" /><testcase classname="backend.tests.test_iteration_19.TestDocumentRegressions" name="test_save_transactions_empty_array_400" time="0.105" /><testcase classname="backend.tests.test_iteration_19.TestDocumentRegressions" name="test_save_transactions_with_item" time="0.101" /><testcase classname="backend.tests.test_iteration_19.TestDocumentRegressions" name="test_apply_policy_health_still_works" time="0.100" /><testcase classname="backend.tests.test_iteration_19.TestGmailRegressions" name="test_gmail_status_configured" time="0.107" /><testcase classname="backend.tests.test_iteration_19.TestGmailRegressions" name="test_gmail_emails_without_connection" time="3.846" /><testcase classname="backend.tests.test_iteration_19.TestGmailRegressions" name="test_gmail_connect_with_token_param_redirects" time="0.141" /><testcase classname="backend.tests.test_iteration_19.TestGmailRegressions" name="test_gmail_connect_without_token_401" time="0.102" /><testcase classname="backend.tests.test_iteration_19.TestGmailRegressions" name="test_gmail_connect_invalid_token_401" time="0.093" /><testcase classname="backend.tests.test_iteration_19.TestSubscriptionsRegression" name="test_subscriptions_endpoint" time="0.108" /></testsuite></testsuites>