<?xml version="1.0" encoding="utf-8"?><testsuites name="pytest tests"><testsuite name="pytest" errors="0" failures="0" skipped="0" tests="10" time="2.576" timestamp="2026-04-17T10:14:44.031604+00:00" hostname="agent-env-cb260f5d-ace2-45cc-81f6-c620fb4bb81a"><testcase classname="backend.tests.test_iteration_13.TestAuthentication" name="test_login_premium_user" time="0.363" /><testcase classname="backend.tests.test_iteration_13.TestHealthScoreV2API" name="test_health_score_v2_returns_data" time="0.504" /><testcase classname="backend.tests.test_iteration_13.TestHealthScoreV2API" name="test_health_score_v2_has_risk_level" time="0.110" /><testcase classname="backend.tests.test_iteration_13.TestHealthScoreV2API" name="test_health_score_v2_summary_fields" time="0.147" /><testcase classname="backend.tests.test_iteration_13.TestPlaceholderIntegrationAPIs" name="test_integrations_status_endpoint" time="0.438" /><testcase classname="backend.tests.test_iteration_13.TestPlaceholderIntegrationAPIs" name="test_account_aggregator_placeholder" time="0.104" /><testcase classname="backend.tests.test_iteration_13.TestPlaceholderIntegrationAPIs" name="test_email_parsing_placeholder" time="0.134" /><testcase classname="backend.tests.test_iteration_13.TestPlaceholderIntegrationAPIs" name="test_sms_parsing_placeholder" time="0.151" /><testcase classname="backend.tests.test_iteration_13.TestPlaceholderIntegrationAPIs" name="test_portfolio_sync_placeholder" time="0.116" /><testcase classname="backend.tests.test_iteration_13.TestOpportunityAnalysisAPI" name="test_opportunity_analysis_endpoint" time="0.444" /></testsuite></testsuites>