<?xml version="1.0" encoding="utf-8"?><testsuites name="pytest tests"><testsuite name="pytest" errors="0" failures="0" skipped="1" tests="10" time="1.788" timestamp="2026-04-22T14:06:36.537228+00:00" hostname="agent-env-cb260f5d-ace2-45cc-81f6-c620fb4bb81a"><testcase classname="backend.tests.test_iteration_21.TestPeerComparison" name="test_auth_required" time="0.249" /><testcase classname="backend.tests.test_iteration_21.TestPeerComparison" name="test_invalid_token" time="0.146" /><testcase classname="backend.tests.test_iteration_21.TestPeerComparison" name="test_peer_comparison_success" time="0.473" /><testcase classname="backend.tests.test_iteration_21.TestPaymentStatus" name="test_payment_status" time="0.124" /><testcase classname="backend.tests.test_iteration_21.TestGmailStatus" name="test_gmail_status" time="0.112" /><testcase classname="backend.tests.test_iteration_21.TestGmailStatus" name="test_scan_apply_all_requires_auth" time="0.115" /><testcase classname="backend.tests.test_iteration_21.TestSubscriptions" name="test_list_subscriptions" time="0.124" /><testcase classname="backend.tests.test_iteration_21.TestSubscriptions" name="test_cancel_missing_merchant" time="0.131" /><testcase classname="backend.tests.test_iteration_21.TestDocumentsAutoApply" name="test_auto_apply_requires_auth" time="0.130" /><testcase classname="backend.tests.test_iteration_21.TestPeerComparisonNoQuestionnaire" name="test_returns_400_for_user_without_questionnaire" time="0.123"><skipped type="pytest.skip" message="Signup not available or failed: 404 {&quot;detail&quot;:&quot;Not Found&quot;}">/app/backend/tests/test_iteration_21.py:147: Signup not available or failed: 404 {"detail":"Not Found"}</skipped></testcase></testsuite></testsuites>