<?xml version="1.0" encoding="utf-8"?><testsuites name="pytest tests"><testsuite name="pytest" errors="0" failures="0" skipped="0" tests="13" time="4.876" timestamp="2026-04-17T10:51:54.570158+00:00" hostname="agent-env-cb260f5d-ace2-45cc-81f6-c620fb4bb81a"><testcase classname="tests.test_iteration_15.TestAuthRoutes" name="test_login_success" time="0.359" /><testcase classname="tests.test_iteration_15.TestAuthRoutes" name="test_login_invalid_credentials" time="0.103" /><testcase classname="tests.test_iteration_15.TestAuthRoutes" name="test_auth_me_with_token" time="0.431" /><testcase classname="tests.test_iteration_15.TestAuthRoutes" name="test_auth_me_without_token" time="0.107" /><testcase classname="tests.test_iteration_15.TestQuestionnaireRoutes" name="test_get_questionnaire" time="0.435" /><testcase classname="tests.test_iteration_15.TestQuestionnaireRoutes" name="test_post_questionnaire" time="0.580" /><testcase classname="tests.test_iteration_15.TestQuestionnaireRoutes" name="test_questionnaire_without_auth" time="0.113" /><testcase classname="tests.test_iteration_15.TestIntegrationRoutes" name="test_integrations_status" time="0.462" /><testcase classname="tests.test_iteration_15.TestIntegrationRoutes" name="test_account_aggregator_placeholder" time="0.446" /><testcase classname="tests.test_iteration_15.TestIntegrationRoutes" name="test_email_parsing_placeholder" time="0.464" /><testcase classname="tests.test_iteration_15.TestRemainingServerRoutes" name="test_health_score_v2" time="0.441" /><testcase classname="tests.test_iteration_15.TestRemainingServerRoutes" name="test_payment_status" time="0.438" /><testcase classname="tests.test_iteration_15.TestRemainingServerRoutes" name="test_balance_sheet" time="0.435" /></testsuite></testsuites>