<?xml version="1.0" encoding="utf-8"?><testsuites name="pytest tests"><testsuite name="pytest" errors="0" failures="0" skipped="0" tests="8" time="1.316" timestamp="2026-04-23T12:07:44.622167+00:00" hostname="agent-env-cb260f5d-ace2-45cc-81f6-c620fb4bb81a"><testcase classname="backend.tests.test_iteration_24_pwa_regression.TestPWAAssets" name="test_manifest_json_valid" time="0.134" /><testcase classname="backend.tests.test_iteration_24_pwa_regression.TestPWAAssets" name="test_service_worker_served" time="0.147" /><testcase classname="backend.tests.test_iteration_24_pwa_regression.TestPWAAssets" name="test_logo_png_served" time="0.123" /><testcase classname="backend.tests.test_iteration_24_pwa_regression.TestPWAAssets" name="test_index_html_has_pwa_tags" time="0.108" /><testcase classname="backend.tests.test_iteration_24_pwa_regression.TestBackendRegression" name="test_login" time="0.331" /><testcase classname="backend.tests.test_iteration_24_pwa_regression.TestBackendRegression" name="test_gmail_status" time="0.314" /><testcase classname="backend.tests.test_iteration_24_pwa_regression.TestBackendRegression" name="test_transactions_subscriptions" time="0.047" /><testcase classname="backend.tests.test_iteration_24_pwa_regression.TestBackendRegression" name="test_reports_peer_comparison" time="0.049" /></testsuite></testsuites>