<?xml version="1.0" encoding="utf-8"?><testsuites name="pytest tests"><testsuite name="pytest" errors="0" failures="0" skipped="0" tests="14" time="47.762" timestamp="2026-04-22T14:33:36.725720+00:00" hostname="agent-env-cb260f5d-ace2-45cc-81f6-c620fb4bb81a"><testcase classname="backend.tests.test_iteration_22.TestSourceRegression" name="test_gmail_auto_scan_query_has_cas_terms" time="0.000" /><testcase classname="backend.tests.test_iteration_22.TestSourceRegression" name="test_gmail_emails_uses_365d_window" time="0.000" /><testcase classname="backend.tests.test_iteration_22.TestGmailEmails" name="test_status_connected" time="0.613" /><testcase classname="backend.tests.test_iteration_22.TestGmailEmails" name="test_emails_returns_attachments_field" time="4.028" /><testcase classname="backend.tests.test_iteration_22.TestParseAttachment" name="test_missing_fields_returns_400" time="0.193" /><testcase classname="backend.tests.test_iteration_22.TestParseAttachment" name="test_missing_attachment_id_returns_400" time="0.163" /><testcase classname="backend.tests.test_iteration_22.TestParseAttachment" name="test_no_auth_returns_401_or_403" time="0.104" /><testcase classname="backend.tests.test_iteration_22.TestParseAttachment" name="test_encrypted_pdf_returns_password_required" time="6.827" /><testcase classname="backend.tests.test_iteration_22.TestParseAttachment" name="test_specific_encrypted_email_returns_password_required" time="6.835" /><testcase classname="backend.tests.test_iteration_22.TestParseAttachment" name="test_incorrect_password_returns_401" time="5.695" /><testcase classname="backend.tests.test_iteration_22.TestParseAttachment" name="test_unencrypted_pdf_parses_successfully" time="22.748" /><testcase classname="backend.tests.test_iteration_22.TestOtherEndpointsRegression" name="test_scan_and_apply_all_auth_gate" time="0.197" /><testcase classname="backend.tests.test_iteration_22.TestOtherEndpointsRegression" name="test_documents_auto_apply_auth_gate" time="0.126" /><testcase classname="backend.tests.test_iteration_22.TestOtherEndpointsRegression" name="test_peer_comparison_endpoint" time="0.159" /></testsuite></testsuites>