<?xml version="1.0" encoding="utf-8"?><testsuites name="pytest tests"><testsuite name="pytest" errors="0" failures="0" skipped="0" tests="10" time="2.482" timestamp="2026-04-17T09:45:59.005251+00:00" hostname="agent-env-cb260f5d-ace2-45cc-81f6-c620fb4bb81a"><testcase classname="backend.tests.test_iteration_12.TestHealthScoreV2RiskFields" name="test_health_score_v2_returns_risk_level" time="0.559" /><testcase classname="backend.tests.test_iteration_12.TestHealthScoreV2RiskFields" name="test_health_score_v2_returns_risk_label" time="0.136" /><testcase classname="backend.tests.test_iteration_12.TestHealthScoreV2RiskFields" name="test_health_score_v2_risk_level_matches_score" time="0.101" /><testcase classname="backend.tests.test_iteration_12.TestHealthScoreV2RiskFields" name="test_premium_user_has_low_risk" time="0.123" /><testcase classname="backend.tests.test_iteration_12.TestPlaceholderIntegrationAPIs" name="test_account_aggregator_placeholder" time="0.431" /><testcase classname="backend.tests.test_iteration_12.TestPlaceholderIntegrationAPIs" name="test_email_parsing_placeholder" time="0.133" /><testcase classname="backend.tests.test_iteration_12.TestPlaceholderIntegrationAPIs" name="test_sms_parsing_placeholder" time="0.138" /><testcase classname="backend.tests.test_iteration_12.TestPlaceholderIntegrationAPIs" name="test_portfolio_sync_placeholder" time="0.108" /><testcase classname="backend.tests.test_iteration_12.TestPlaceholderIntegrationAPIs" name="test_integrations_status_returns_all_modules" time="0.106" /><testcase classname="backend.tests.test_iteration_12.TestPlaceholderIntegrationAPIs" name="test_integration_apis_require_auth" time="0.585" /></testsuite></testsuites>