<?xml version="1.0" encoding="utf-8"?><testsuites name="pytest tests"><testsuite name="pytest" errors="0" failures="0" skipped="0" tests="13" time="25.913" timestamp="2026-04-22T14:57:04.222250+00:00" hostname="agent-env-cb260f5d-ace2-45cc-81f6-c620fb4bb81a"><testcase classname="backend.tests.test_iteration_23.TestCreditCardSchema" name="test_prompt_has_credit_card_enum" time="0.000" /><testcase classname="backend.tests.test_iteration_23.TestCreditCardSchema" name="test_cas_to_questionnaire_maps_credit_card" time="0.064" /><testcase classname="backend.tests.test_iteration_23.TestCreditCardSchema" name="test_cas_to_questionnaire_no_cc_when_empty" time="0.000" /><testcase classname="backend.tests.test_iteration_23.TestEmailsQueryHasCreditCardTerms" name="test_emails_query_contains_cc_subjects_and_senders" time="0.000" /><testcase classname="backend.tests.test_iteration_23.TestEmailsQueryHasCreditCardTerms" name="test_looks_like_cas_heuristic_has_cc_keywords" time="0.000" /><testcase classname="backend.tests.test_iteration_23.TestAutoPanLogic" name="test_encrypted_no_pan_returns_tried_false" time="10.397" /><testcase classname="backend.tests.test_iteration_23.TestAutoPanLogic" name="test_encrypted_wrong_pan_returns_tried_true" time="9.234" /><testcase classname="backend.tests.test_iteration_23.TestRegression" name="test_gmail_status" time="0.118" /><testcase classname="backend.tests.test_iteration_23.TestRegression" name="test_scan_and_apply_all_reachable" time="5.261" /><testcase classname="backend.tests.test_iteration_23.TestRegression" name="test_documents_auto_apply_exists" time="0.153" /><testcase classname="backend.tests.test_iteration_23.TestRegression" name="test_peer_comparison" time="0.337" /><testcase classname="backend.tests.test_iteration_23.TestRegression" name="test_subscriptions" time="0.172" /><testcase classname="backend.tests.test_iteration_23.TestRegression" name="test_parse_attachment_validation" time="0.112" /></testsuite></testsuites>