<?xml version="1.0" encoding="utf-8"?><testsuites name="pytest tests"><testsuite name="pytest" errors="0" failures="0" skipped="0" tests="10" time="0.808" timestamp="2026-01-22T11:51:25.127237+00:00" hostname="agent-env-7b376f43-4de1-4875-be10-c4d20dddabde"><testcase classname="tests.test_payment_pricing.TestPaymentPricing" name="test_get_pricing_info" time="0.059" /><testcase classname="tests.test_payment_pricing.TestPriceCalculation" name="test_calculate_base_price_zero_members" time="0.037" /><testcase classname="tests.test_payment_pricing.TestPriceCalculation" name="test_calculate_with_major_and_minor_members" time="0.035" /><testcase classname="tests.test_payment_pricing.TestPriceCalculation" name="test_calculate_with_only_major_members" time="0.036" /><testcase classname="tests.test_payment_pricing.TestPriceCalculation" name="test_calculate_with_only_minor_members" time="0.044" /><testcase classname="tests.test_payment_pricing.TestPriceCalculation" name="test_calculate_breakdown_text" time="0.046" /><testcase classname="tests.test_payment_pricing.TestPaymentPlans" name="test_get_payment_plans" time="0.033" /><testcase classname="tests.test_payment_pricing.TestCreateOrder" name="test_create_order_requires_auth" time="0.033" /><testcase classname="tests.test_payment_pricing.TestCreateOrder" name="test_create_order_razorpay_not_configured" time="0.339" /><testcase classname="tests.test_payment_pricing.TestPaymentVerify" name="test_verify_requires_auth" time="0.077" /></testsuite></testsuites>