<?xml version="1.0" encoding="utf-8"?><testsuites name="pytest tests"><testsuite name="pytest" errors="0" failures="1" skipped="0" tests="10" time="0.832" timestamp="2026-01-22T11:51:07.061503+00:00" hostname="agent-env-7b376f43-4de1-4875-be10-c4d20dddabde"><testcase classname="tests.test_payment_pricing.TestPaymentPricing" name="test_get_pricing_info" time="0.067" /><testcase classname="tests.test_payment_pricing.TestPriceCalculation" name="test_calculate_base_price_zero_members" time="0.050" /><testcase classname="tests.test_payment_pricing.TestPriceCalculation" name="test_calculate_with_major_and_minor_members" time="0.035" /><testcase classname="tests.test_payment_pricing.TestPriceCalculation" name="test_calculate_with_only_major_members" time="0.039" /><testcase classname="tests.test_payment_pricing.TestPriceCalculation" name="test_calculate_with_only_minor_members" time="0.037" /><testcase classname="tests.test_payment_pricing.TestPriceCalculation" name="test_calculate_breakdown_text" time="0.039" /><testcase classname="tests.test_payment_pricing.TestPaymentPlans" name="test_get_payment_plans" time="0.079" /><testcase classname="tests.test_payment_pricing.TestCreateOrder" name="test_create_order_requires_auth" time="0.035" /><testcase classname="tests.test_payment_pricing.TestCreateOrder" name="test_create_order_razorpay_not_configured" time="0.309"><failure message="assert 520 == 200&#10; +  where 520 = &lt;Response [520]&gt;.status_code">tests/test_payment_pricing.py:239: in test_create_order_razorpay_not_configured
    assert response.status_code == 200
E   assert 520 == 200
E    +  where 520 = &lt;Response [520]&gt;.status_code</failure></testcase><testcase classname="tests.test_payment_pricing.TestPaymentVerify" name="test_verify_requires_auth" time="0.046" /></testsuite></testsuites>