<?xml version="1.0" encoding="utf-8"?><testsuites name="pytest tests"><testsuite name="pytest" errors="0" failures="0" skipped="0" tests="14" time="6.047" timestamp="2026-02-27T11:59:32.908061+00:00" hostname="agent-env-cb260f5d-ace2-45cc-81f6-c620fb4bb81a"><testcase classname="tests.test_premium_report.TestAuthentication" name="test_login_success" time="0.487" /><testcase classname="tests.test_premium_report.TestAuthentication" name="test_login_invalid_credentials" time="0.105" /><testcase classname="tests.test_premium_report.TestHealthScore" name="test_get_health_score" time="0.442" /><testcase classname="tests.test_premium_report.TestHealthScore" name="test_health_score_components" time="0.460" /><testcase classname="tests.test_premium_report.TestHealthScore" name="test_health_score_requires_auth" time="0.435" /><testcase classname="tests.test_premium_report.TestPaymentStatus" name="test_get_payment_status" time="0.437" /><testcase classname="tests.test_premium_report.TestPaymentStatus" name="test_payment_status_requires_auth" time="0.426" /><testcase classname="tests.test_premium_report.TestPDFDownload" name="test_download_pdf" time="0.496" /><testcase classname="tests.test_premium_report.TestPDFDownload" name="test_download_pdf_has_correct_filename" time="0.482" /><testcase classname="tests.test_premium_report.TestPDFDownload" name="test_download_pdf_requires_auth" time="0.435" /><testcase classname="tests.test_premium_report.TestQuestionnaire" name="test_get_questionnaire" time="0.449" /><testcase classname="tests.test_premium_report.TestQuestionnaire" name="test_questionnaire_requires_auth" time="0.436" /><testcase classname="tests.test_premium_report.TestPLStatement" name="test_get_pl_statement" time="0.438" /><testcase classname="tests.test_premium_report.TestBalanceSheet" name="test_get_balance_sheet" time="0.447" /></testsuite></testsuites>