<?xml version="1.0" encoding="utf-8"?><testsuites name="pytest tests"><testsuite name="pytest" errors="0" failures="0" skipped="0" tests="10" time="2.445" timestamp="2026-01-12T12:25:48.299847+00:00" hostname="agent-env-e6642162-af22-4d19-a3e5-a333590241d1"><testcase classname="tests.test_arthverse_auth.TestUserRegistration" name="test_register_new_user_with_new_fields" time="0.329" /><testcase classname="tests.test_arthverse_auth.TestUserRegistration" name="test_register_duplicate_email_fails" time="0.303" /><testcase classname="tests.test_arthverse_auth.TestUserRegistration" name="test_register_invalid_dob_format_fails" time="0.042" /><testcase classname="tests.test_arthverse_auth.TestClientIdLogin" name="test_login_with_existing_client_id" time="0.269" /><testcase classname="tests.test_arthverse_auth.TestClientIdLogin" name="test_login_with_invalid_client_id_fails" time="0.040" /><testcase classname="tests.test_arthverse_auth.TestClientIdLogin" name="test_login_with_wrong_password_fails" time="0.259" /><testcase classname="tests.test_arthverse_auth.TestClientIdLogin" name="test_register_and_login_flow" time="0.530" /><testcase classname="tests.test_arthverse_auth.TestDashboardHealthScore" name="test_health_score_endpoint" time="0.307" /><testcase classname="tests.test_arthverse_auth.TestDashboardHealthScore" name="test_health_score_without_auth_fails" time="0.043" /><testcase classname="tests.test_arthverse_auth.TestClientIdGeneration" name="test_client_id_format_single_name" time="0.261" /></testsuite></testsuites>