<?xml version="1.0" encoding="utf-8"?><testsuites name="pytest tests"><testsuite name="pytest" errors="0" failures="4" skipped="0" tests="10" time="1.502" timestamp="2026-01-12T12:24:34.593753+00:00" hostname="agent-env-e6642162-af22-4d19-a3e5-a333590241d1"><testcase classname="tests.test_arthverse_auth.TestUserRegistration" name="test_register_new_user_with_new_fields" time="0.121"><failure message="AssertionError: Registration failed: Internal Server Error&#10;assert 520 == 200&#10; +  where 520 = &lt;Response [520]&gt;.status_code">tests/test_arthverse_auth.py:40: in test_register_new_user_with_new_fields
    assert response.status_code == 200, f"Registration failed: {response.text}"
E   AssertionError: Registration failed: Internal Server Error
E   assert 520 == 200
E    +  where 520 = &lt;Response [520]&gt;.status_code</failure></testcase><testcase classname="tests.test_arthverse_auth.TestUserRegistration" name="test_register_duplicate_email_fails" time="0.044"><failure message="AssertionError: First registration failed: Internal Server Error&#10;assert 520 == 200&#10; +  where 520 = &lt;Response [520]&gt;.status_code">tests/test_arthverse_auth.py:86: in test_register_duplicate_email_fails
    assert response1.status_code == 200, f"First registration failed: {response1.text}"
E   AssertionError: First registration failed: Internal Server Error
E   assert 520 == 200
E    +  where 520 = &lt;Response [520]&gt;.status_code</failure></testcase><testcase classname="tests.test_arthverse_auth.TestUserRegistration" name="test_register_invalid_dob_format_fails" time="0.046" /><testcase classname="tests.test_arthverse_auth.TestClientIdLogin" name="test_login_with_existing_client_id" time="0.313" /><testcase classname="tests.test_arthverse_auth.TestClientIdLogin" name="test_login_with_invalid_client_id_fails" time="0.042" /><testcase classname="tests.test_arthverse_auth.TestClientIdLogin" name="test_login_with_wrong_password_fails" time="0.264" /><testcase classname="tests.test_arthverse_auth.TestClientIdLogin" name="test_register_and_login_flow" time="0.036"><failure message="AssertionError: Registration failed: Internal Server Error&#10;assert 520 == 200&#10; +  where 520 = &lt;Response [520]&gt;.status_code">tests/test_arthverse_auth.py:190: in test_register_and_login_flow
    assert register_response.status_code == 200, f"Registration failed: {register_response.text}"
E   AssertionError: Registration failed: Internal Server Error
E   assert 520 == 200
E    +  where 520 = &lt;Response [520]&gt;.status_code</failure></testcase><testcase classname="tests.test_arthverse_auth.TestDashboardHealthScore" name="test_health_score_endpoint" time="0.319" /><testcase classname="tests.test_arthverse_auth.TestDashboardHealthScore" name="test_health_score_without_auth_fails" time="0.034" /><testcase classname="tests.test_arthverse_auth.TestClientIdGeneration" name="test_client_id_format_single_name" time="0.041"><failure message="AssertionError: Registration failed: Internal Server Error&#10;assert 520 == 200&#10; +  where 520 = &lt;Response [520]&gt;.status_code">tests/test_arthverse_auth.py:270: in test_client_id_format_single_name
    assert response.status_code == 200, f"Registration failed: {response.text}"
E   AssertionError: Registration failed: Internal Server Error
E   assert 520 == 200
E    +  where 520 = &lt;Response [520]&gt;.status_code</failure></testcase></testsuite></testsuites>