<?xml version="1.0" encoding="utf-8"?><testsuites name="pytest tests"><testsuite name="pytest" errors="0" failures="0" skipped="0" tests="12" time="3.731" timestamp="2026-01-22T12:06:58.267099+00:00" hostname="agent-env-7b376f43-4de1-4875-be10-c4d20dddabde"><testcase classname="tests.test_reports.TestReportsAPI" name="test_login_success" time="0.550" /><testcase classname="tests.test_reports.TestReportsAPI" name="test_get_pl_statement_returns_200" time="0.270" /><testcase classname="tests.test_reports.TestReportsAPI" name="test_get_pl_statement_structure" time="0.266" /><testcase classname="tests.test_reports.TestReportsAPI" name="test_get_pl_income_breakdown" time="0.267" /><testcase classname="tests.test_reports.TestReportsAPI" name="test_get_pl_expense_breakdown" time="0.286" /><testcase classname="tests.test_reports.TestReportsAPI" name="test_get_pl_net_profit_loss_calculation" time="0.319" /><testcase classname="tests.test_reports.TestReportsAPI" name="test_get_balance_sheet_returns_200" time="0.320" /><testcase classname="tests.test_reports.TestReportsAPI" name="test_get_balance_sheet_structure" time="0.267" /><testcase classname="tests.test_reports.TestReportsAPI" name="test_get_balance_sheet_assets_breakdown" time="0.280" /><testcase classname="tests.test_reports.TestReportsAPI" name="test_get_balance_sheet_liabilities_breakdown" time="0.269" /><testcase classname="tests.test_reports.TestReportsAPI" name="test_get_balance_sheet_net_worth_calculation" time="0.267" /><testcase classname="tests.test_reports.TestReportsAPI" name="test_reports_require_authentication" time="0.304" /></testsuite></testsuites>