<?xml version="1.0" encoding="utf-8"?><testsuites name="pytest tests"><testsuite name="pytest" errors="0" failures="0" skipped="0" tests="9" time="9.118" timestamp="2026-04-22T09:19:18.920874+00:00" hostname="agent-env-cb260f5d-ace2-45cc-81f6-c620fb4bb81a"><testcase classname="backend.tests.test_smart_import.TestGmailRoutes" name="test_gmail_status_configured" time="0.715" /><testcase classname="backend.tests.test_smart_import.TestGmailRoutes" name="test_gmail_connect_redirect" time="0.147" /><testcase classname="backend.tests.test_smart_import.TestGmailRoutes" name="test_gmail_emails_without_connection" time="0.124" /><testcase classname="backend.tests.test_smart_import.TestDocumentRoutes" name="test_parse_email_bank_statement" time="3.606" /><testcase classname="backend.tests.test_smart_import.TestDocumentRoutes" name="test_parse_email_insurance_renewal" time="3.868" /><testcase classname="backend.tests.test_smart_import.TestDocumentRoutes" name="test_parse_email_missing_body" time="0.219" /><testcase classname="backend.tests.test_smart_import.TestDocumentRoutes" name="test_parsed_policies_list" time="0.102" /><testcase classname="backend.tests.test_smart_import.TestDocumentRoutes" name="test_apply_policy_health" time="0.116" /><testcase classname="backend.tests.test_smart_import.TestDocumentRoutes" name="test_parse_policy_invalid_file" time="0.175" /></testsuite></testsuites>