<?xml version="1.0" encoding="utf-8"?><testsuites name="pytest tests"><testsuite name="pytest" errors="0" failures="0" skipped="0" tests="15" time="6.785" timestamp="2026-04-20T07:39:25.211353+00:00" hostname="agent-env-cb260f5d-ace2-45cc-81f6-c620fb4bb81a"><testcase classname="backend.tests.test_spec_alignment.TestSpecAlignedQuestionnaire" name="test_get_questionnaire_spec_fields" time="0.461" /><testcase classname="backend.tests.test_spec_alignment.TestSpecAlignedQuestionnaire" name="test_questionnaire_expense_fields" time="0.473" /><testcase classname="backend.tests.test_spec_alignment.TestSpecAlignedQuestionnaire" name="test_questionnaire_asset_fields" time="0.429" /><testcase classname="backend.tests.test_spec_alignment.TestSpecAlignedQuestionnaire" name="test_questionnaire_liability_fields" time="0.436" /><testcase classname="backend.tests.test_spec_alignment.TestSpecAlignedQuestionnaire" name="test_questionnaire_insurance_fields" time="0.464" /><testcase classname="backend.tests.test_spec_alignment.TestSpecAlignedQuestionnaire" name="test_questionnaire_habit_fields" time="0.426" /><testcase classname="backend.tests.test_spec_alignment.TestHealthScoreV2" name="test_health_score_v2_returns_score" time="0.444" /><testcase classname="backend.tests.test_spec_alignment.TestHealthScoreV2" name="test_health_score_v2_components" time="0.430" /><testcase classname="backend.tests.test_spec_alignment.TestPLStatement" name="test_pl_statement_returns_data" time="0.486" /><testcase classname="backend.tests.test_spec_alignment.TestPLStatement" name="test_pl_income_categories_spec_aligned" time="0.452" /><testcase classname="backend.tests.test_spec_alignment.TestPLStatement" name="test_pl_expense_categories_spec_aligned" time="0.455" /><testcase classname="backend.tests.test_spec_alignment.TestBalanceSheet" name="test_balance_sheet_returns_data" time="0.452" /><testcase classname="backend.tests.test_spec_alignment.TestBalanceSheet" name="test_balance_sheet_asset_categories" time="0.430" /><testcase classname="backend.tests.test_spec_alignment.TestBalanceSheet" name="test_balance_sheet_liability_categories" time="0.442" /><testcase classname="backend.tests.test_spec_alignment.TestOpportunityAnalysis" name="test_opportunity_analysis_returns_data" time="0.421" /></testsuite></testsuites>